  MicroMachines.cpp
basic_geometry.obj : error LNK2001: unresolved external symbol __imp___glewBindBuffer
MicroMachines.obj : error LNK2001: unresolved external symbol __imp___glewBindBuffer
vsShaderLib.obj : error LNK2001: unresolved external symbol __imp___glewBindBuffer
basic_geometry.obj : error LNK2001: unresolved external symbol __imp___glewBufferData
MicroMachines.obj : error LNK2001: unresolved external symbol __imp___glewBufferData
vsShaderLib.obj : error LNK2001: unresolved external symbol __imp___glewBufferData
basic_geometry.obj : error LNK2001: unresolved external symbol __imp___glewBufferSubData
vsShaderLib.obj : error LNK2001: unresolved external symbol __imp___glewBufferSubData
basic_geometry.obj : error LNK2001: unresolved external symbol __imp___glewGenBuffers
MicroMachines.obj : error LNK2001: unresolved external symbol __imp___glewGenBuffers
vsShaderLib.obj : error LNK2001: unresolved external symbol __imp___glewGenBuffers
basic_geometry.obj : error LNK2001: unresolved external symbol __imp___glewEnableVertexAttribArray
MicroMachines.obj : error LNK2001: unresolved external symbol __imp___glewEnableVertexAttribArray
basic_geometry.obj : error LNK2001: unresolved external symbol __imp___glewVertexAttribPointer
MicroMachines.obj : error LNK2001: unresolved external symbol __imp___glewVertexAttribPointer
basic_geometry.obj : error LNK2001: unresolved external symbol __imp___glewBindVertexArray
MicroMachines.obj : error LNK2001: unresolved external symbol __imp___glewBindVertexArray
basic_geometry.obj : error LNK2001: unresolved external symbol __imp___glewGenVertexArrays
MicroMachines.obj : error LNK2001: unresolved external symbol __imp___glewGenVertexArrays
MicroMachines.obj : error LNK2019: unresolved external symbol __imp_glewInit referenced in function main
MicroMachines.obj : error LNK2019: unresolved external symbol __imp_glutInitWindowPosition referenced in function main
MicroMachines.obj : error LNK2019: unresolved external symbol __imp_glutInitWindowSize referenced in function main
MicroMachines.obj : error LNK2019: unresolved external symbol __imp_glutInitDisplayMode referenced in function main
MicroMachines.obj : error LNK2019: unresolved external symbol __imp_glutMainLoop referenced in function main
MicroMachines.obj : error LNK2019: unresolved external symbol __imp_glutSetWindow referenced in function "void __cdecl timer(int)" (?timer@@YAXH@Z)
MicroMachines.obj : error LNK2019: unresolved external symbol __imp_glutSetWindowTitle referenced in function "void __cdecl timer(int)" (?timer@@YAXH@Z)
MicroMachines.obj : error LNK2019: unresolved external symbol __imp_glutPostRedisplay referenced in function "void __cdecl refresh(int)" (?refresh@@YAXH@Z)
MicroMachines.obj : error LNK2019: unresolved external symbol __imp_glutSwapBuffers referenced in function "void __cdecl renderScene(void)" (?renderScene@@YAXXZ)
MicroMachines.obj : error LNK2019: unresolved external symbol __imp_glutTimerFunc referenced in function "void __cdecl iterate(int)" (?iterate@@YAXH@Z)
MicroMachines.obj : error LNK2019: unresolved external symbol __imp_glutKeyboardFunc referenced in function main
MicroMachines.obj : error LNK2019: unresolved external symbol __imp_glutReshapeFunc referenced in function main
MicroMachines.obj : error LNK2019: unresolved external symbol __imp_glutDisplayFunc referenced in function main
MicroMachines.obj : error LNK2019: unresolved external symbol __imp_glutMouseFunc referenced in function main
MicroMachines.obj : error LNK2019: unresolved external symbol __imp_glutMotionFunc referenced in function main
MicroMachines.obj : error LNK2019: unresolved external symbol __imp_glutKeyboardUpFunc referenced in function main
MicroMachines.obj : error LNK2019: unresolved external symbol __imp___glutInitWithExit referenced in function glutInit_ATEXIT_HACK
MicroMachines.obj : error LNK2019: unresolved external symbol __imp___glutCreateWindowWithExit referenced in function glutCreateWindow_ATEXIT_HACK
MicroMachines.obj : error LNK2019: unresolved external symbol __imp_glutLeaveMainLoop referenced in function "void __cdecl keyDown(unsigned char,int,int)" (?keyDown@@YAXEHH@Z)
MicroMachines.obj : error LNK2019: unresolved external symbol __imp_glutMouseWheelFunc referenced in function main
MicroMachines.obj : error LNK2019: unresolved external symbol __imp_glutSetOption referenced in function main
MicroMachines.obj : error LNK2019: unresolved external symbol __imp_glutInitContextVersion referenced in function main
MicroMachines.obj : error LNK2019: unresolved external symbol __imp_glutInitContextFlags referenced in function main
MicroMachines.obj : error LNK2019: unresolved external symbol __imp_glutInitContextProfile referenced in function main
MicroMachines.obj : error LNK2019: unresolved external symbol "public: __cdecl Assimp::Importer::Importer(void)" (??0Importer@Assimp@@QEAA@XZ) referenced in function "void __cdecl `dynamic initializer for 'importer''(void)" (??__Eimporter@@YAXXZ)
MicroMachines.obj : error LNK2019: unresolved external symbol "public: __cdecl Assimp::Importer::~Importer(void)" (??1Importer@Assimp@@QEAA@XZ) referenced in function "void __cdecl `dynamic atexit destructor for 'importer''(void)" (??__Fimporter@@YAXXZ)
MicroMachines.obj : error LNK2019: unresolved external symbol "public: struct aiScene const * __cdecl Assimp::Importer::ReadFile(char const *,unsigned int)" (?ReadFile@Importer@Assimp@@QEAAPEBUaiScene@@PEBDI@Z) referenced in function "public: struct aiScene const * __cdecl Assimp::Importer::ReadFile(class std::basic_string<char,struct std::char_traits<char>,class std::allocator<char> > const &,unsigned int)" (?ReadFile@Importer@Assimp@@QEAAPEBUaiScene@@AEBV?$basic_string@DU?$char_traits@D@std@@V?$allocator@D@2@@std@@I@Z)
MicroMachines.obj : error LNK2019: unresolved external symbol "public: char const * __cdecl Assimp::Importer::GetErrorString(void)const " (?GetErrorString@Importer@Assimp@@QEBAPEBDXZ) referenced in function "bool __cdecl Import3DFromFile(class std::basic_string<char,struct std::char_traits<char>,class std::allocator<char> > const &,struct aiScene const * *)" (?Import3DFromFile@@YA_NAEBV?$basic_string@DU?$char_traits@D@std@@V?$allocator@D@2@@std@@PEAPEBUaiScene@@@Z)
MicroMachines.obj : error LNK2019: unresolved external symbol aiGetMaterialFloatArray referenced in function "void __cdecl genVAOsAndUniformBuffer(struct aiScene const *)" (?genVAOsAndUniformBuffer@@YAXPEBUaiScene@@@Z)
MicroMachines.obj : error LNK2019: unresolved external symbol aiGetMaterialColor referenced in function "void __cdecl genVAOsAndUniformBuffer(struct aiScene const *)" (?genVAOsAndUniformBuffer@@YAXPEBUaiScene@@@Z)
MicroMachines.obj : error LNK2001: unresolved external symbol __imp___glewActiveTexture
MicroMachines.obj : error LNK2001: unresolved external symbol __imp___glewBindAttribLocation
vsShaderLib.obj : error LNK2001: unresolved external symbol __imp___glewBindAttribLocation
MicroMachines.obj : error LNK2001: unresolved external symbol __imp___glewGetUniformLocation
vsShaderLib.obj : error LNK2001: unresolved external symbol __imp___glewGetUniformLocation
MicroMachines.obj : error LNK2001: unresolved external symbol __imp___glewLinkProgram
vsShaderLib.obj : error LNK2001: unresolved external symbol __imp___glewLinkProgram
MicroMachines.obj : error LNK2001: unresolved external symbol __imp___glewUniform1f
MicroMachines.obj : error LNK2001: unresolved external symbol __imp___glewUniform1i
MicroMachines.obj : error LNK2001: unresolved external symbol __imp___glewUniform3fv
MicroMachines.obj : error LNK2001: unresolved external symbol __imp___glewUniform4fv
MicroMachines.obj : error LNK2001: unresolved external symbol __imp___glewUniformMatrix3fv
MicroMachines.obj : error LNK2001: unresolved external symbol __imp___glewUniformMatrix4fv
MicroMachines.obj : error LNK2001: unresolved external symbol __imp___glewUseProgram
MicroMachines.obj : error LNK2001: unresolved external symbol __imp___glewBindFragDataLocation
vsShaderLib.obj : error LNK2001: unresolved external symbol __imp___glewBindFragDataLocation
MicroMachines.obj : error LNK2001: unresolved external symbol __imp_glewExperimental
vsShaderLib.obj : error LNK2001: unresolved external symbol __imp___glewAttachShader
vsShaderLib.obj : error LNK2001: unresolved external symbol __imp___glewCompileShader
vsShaderLib.obj : error LNK2001: unresolved external symbol __imp___glewCreateProgram
vsShaderLib.obj : error LNK2001: unresolved external symbol __imp___glewCreateShader
vsShaderLib.obj : error LNK2001: unresolved external symbol __imp___glewDeleteProgram
vsShaderLib.obj : error LNK2001: unresolved external symbol __imp___glewDeleteShader
vsShaderLib.obj : error LNK2001: unresolved external symbol __imp___glewGetActiveUniform
vsShaderLib.obj : error LNK2001: unresolved external symbol __imp___glewGetProgramInfoLog
vsShaderLib.obj : error LNK2001: unresolved external symbol __imp___glewGetProgramiv
vsShaderLib.obj : error LNK2001: unresolved external symbol __imp___glewGetShaderInfoLog
vsShaderLib.obj : error LNK2001: unresolved external symbol __imp___glewGetShaderiv
vsShaderLib.obj : error LNK2001: unresolved external symbol __imp___glewShaderSource
vsShaderLib.obj : error LNK2001: unresolved external symbol __imp___glewValidateProgram
vsShaderLib.obj : error LNK2001: unresolved external symbol __imp___glewGetFragDataLocation
vsShaderLib.obj : error LNK2001: unresolved external symbol __imp___glewProgramUniform1dv
vsShaderLib.obj : error LNK2001: unresolved external symbol __imp___glewProgramUniform1f
vsShaderLib.obj : error LNK2001: unresolved external symbol __imp___glewProgramUniform1fv
vsShaderLib.obj : error LNK2001: unresolved external symbol __imp___glewProgramUniform1i
vsShaderLib.obj : error LNK2001: unresolved external symbol __imp___glewProgramUniform1iv
vsShaderLib.obj : error LNK2001: unresolved external symbol __imp___glewProgramUniform1uiv
vsShaderLib.obj : error LNK2001: unresolved external symbol __imp___glewProgramUniform2dv
vsShaderLib.obj : error LNK2001: unresolved external symbol __imp___glewProgramUniform2fv
vsShaderLib.obj : error LNK2001: unresolved external symbol __imp___glewProgramUniform2iv
vsShaderLib.obj : error LNK2001: unresolved external symbol __imp___glewProgramUniform2uiv
vsShaderLib.obj : error LNK2001: unresolved external symbol __imp___glewProgramUniform3dv
vsShaderLib.obj : error LNK2001: unresolved external symbol __imp___glewProgramUniform3fv
vsShaderLib.obj : error LNK2001: unresolved external symbol __imp___glewProgramUniform3iv
vsShaderLib.obj : error LNK2001: unresolved external symbol __imp___glewProgramUniform3uiv
vsShaderLib.obj : error LNK2001: unresolved external symbol __imp___glewProgramUniform4dv
vsShaderLib.obj : error LNK2001: unresolved external symbol __imp___glewProgramUniform4fv
vsShaderLib.obj : error LNK2001: unresolved external symbol __imp___glewProgramUniform4iv
vsShaderLib.obj : error LNK2001: unresolved external symbol __imp___glewProgramUniform4uiv
vsShaderLib.obj : error LNK2001: unresolved external symbol __imp___glewProgramUniformMatrix2dv
vsShaderLib.obj : error LNK2001: unresolved external symbol __imp___glewProgramUniformMatrix2fv
vsShaderLib.obj : error LNK2001: unresolved external symbol __imp___glewProgramUniformMatrix2x3dv
vsShaderLib.obj : error LNK2001: unresolved external symbol __imp___glewProgramUniformMatrix2x3fv
vsShaderLib.obj : error LNK2001: unresolved external symbol __imp___glewProgramUniformMatrix2x4dv
vsShaderLib.obj : error LNK2001: unresolved external symbol __imp___glewProgramUniformMatrix2x4fv
vsShaderLib.obj : error LNK2001: unresolved external symbol __imp___glewProgramUniformMatrix3dv
vsShaderLib.obj : error LNK2001: unresolved external symbol __imp___glewProgramUniformMatrix3fv
vsShaderLib.obj : error LNK2001: unresolved external symbol __imp___glewProgramUniformMatrix3x2dv
vsShaderLib.obj : error LNK2001: unresolved external symbol __imp___glewProgramUniformMatrix3x2fv
vsShaderLib.obj : error LNK2001: unresolved external symbol __imp___glewProgramUniformMatrix3x4dv
vsShaderLib.obj : error LNK2001: unresolved external symbol __imp___glewProgramUniformMatrix3x4fv
vsShaderLib.obj : error LNK2001: unresolved external symbol __imp___glewProgramUniformMatrix4dv
vsShaderLib.obj : error LNK2001: unresolved external symbol __imp___glewProgramUniformMatrix4fv
vsShaderLib.obj : error LNK2001: unresolved external symbol __imp___glewProgramUniformMatrix4x2dv
vsShaderLib.obj : error LNK2001: unresolved external symbol __imp___glewProgramUniformMatrix4x2fv
vsShaderLib.obj : error LNK2001: unresolved external symbol __imp___glewProgramUniformMatrix4x3dv
vsShaderLib.obj : error LNK2001: unresolved external symbol __imp___glewProgramUniformMatrix4x3fv
vsShaderLib.obj : error LNK2001: unresolved external symbol __imp___glewBindBufferRange
vsShaderLib.obj : error LNK2001: unresolved external symbol __imp___glewGetActiveUniformBlockName
vsShaderLib.obj : error LNK2001: unresolved external symbol __imp___glewGetActiveUniformBlockiv
vsShaderLib.obj : error LNK2001: unresolved external symbol __imp___glewGetActiveUniformName
vsShaderLib.obj : error LNK2001: unresolved external symbol __imp___glewGetActiveUniformsiv
vsShaderLib.obj : error LNK2001: unresolved external symbol __imp___glewUniformBlockBinding
C:\Users\Diogo\Documents\GitHub\AVT\projects\Micromachines\..\..\dependencies\freeglut\lib\freeglut.lib : warning LNK4272: library machine type 'x86' conflicts with target machine type 'x64'
C:\Users\Diogo\Documents\GitHub\AVT\projects\Micromachines\..\..\dependencies\glew\lib\Release\glew32.lib : warning LNK4272: library machine type 'x86' conflicts with target machine type 'x64'
C:\Users\Diogo\Documents\GitHub\AVT\projects\Micromachines\..\..\dependencies\assimp\lib\x86\assimp.lib : warning LNK4272: library machine type 'x86' conflicts with target machine type 'x64'
C:\Users\Diogo\Documents\GitHub\AVT\projects\Micromachines\x64\Debug\Micromachines.exe : fatal error LNK1120: 107 unresolved externals
